2025-02-16 22:47:48,814 [INFO] Activator:176 - 


2025-02-16 22:47:48,816 [INFO] Activator:177 - !SESSION log4j initialized
2025-02-16 22:47:51,450 [INFO] LogOutputStream:77 - [STDOUT_REDIRECT] 
2025-02-16 22:47:53,488 [INFO] ApplicationProperties:184 - Using Application install path: C:\ST\STM32CubeIDE_1.17.0\STM32CubeIDE\plugins\com.st.stm32cube.common.mx_6.13.0.202411220809
2025-02-16 22:47:53,507 [INFO] DbMcusXml:78 - Set database path to: C:\ST\STM32CubeIDE_1.17.0\STM32CubeIDE\plugins\com.st.stm32cube.common.mx_6.13.0.202411220809\\db\/mcu/
2025-02-16 22:47:53,508 [INFO] ApiDb:274 - Set plugin database path to: C:\ST\STM32CubeIDE_1.17.0\STM32CubeIDE\plugins\com.st.stm32cube.common.mx_6.13.0.202411220809\\db\/plugins/boardmanager/
2025-02-16 22:47:53,515 [WARN] ApiDb:259 - Overriding images path with different value:  => C:\ST\STM32CubeIDE_1.17.0\STM32CubeIDE\plugins\com.st.stm32cube.common.mx_6.13.0.202411220809\\db\/plugins/mcufinder/images/
2025-02-16 22:47:53,520 [INFO] ApiDb:250 - Set database path to: C:\Users\user\.stmcufinder\plugins\mcufinder//mcu/
2025-02-16 22:47:53,521 [INFO] DbMcusAds:125 - Set database path to: C:\Users\user\.stmcufinder\plugins\mcufinder//mcu/
2025-02-16 22:47:53,523 [INFO] CrossReferenceDbSqlite:203 - Set database path to: C:\Users\user\.stmcufinder\plugins\mcufinder//mcu/cs/
2025-02-16 22:47:53,716 [INFO] RulesReader:64 - Compatibility file has been processed (297 Rules)
2025-02-16 22:47:53,810 [INFO] DbMcusXml:78 - Set database path to: C:\ST\STM32CubeIDE_1.17.0\STM32CubeIDE\plugins\com.st.stm32cube.common.mx_6.13.0.202411220809\\db\/mcu/
2025-02-16 22:47:53,810 [INFO] ApiDb:274 - Set plugin database path to: C:\ST\STM32CubeIDE_1.17.0\STM32CubeIDE\plugins\com.st.stm32cube.common.mx_6.13.0.202411220809\\db\/plugins/boardmanager/
2025-02-16 22:47:53,810 [INFO] ApiDb:261 - Set plugin images path to: C:\ST\STM32CubeIDE_1.17.0\STM32CubeIDE\plugins\com.st.stm32cube.common.mx_6.13.0.202411220809\\db\/plugins/mcufinder/images/
2025-02-16 22:47:53,811 [WARN] DbFile:41 - Overriding database path with different value: C:\Users\user\.stmcufinder\plugins\mcufinder/ => C:\Users\user\.stmcufinder\plugins\mcufinder
2025-02-16 22:47:53,811 [INFO] ApiDb:250 - Set database path to: C:\Users\user\.stmcufinder\plugins\mcufinder//mcu/
2025-02-16 22:47:53,811 [WARN] DbFile:41 - Overriding database path with different value: C:\Users\user\.stmcufinder\plugins\mcufinder/ => C:\Users\user\.stmcufinder\plugins\mcufinder
2025-02-16 22:47:53,811 [INFO] DbMcusAds:125 - Set database path to: C:\Users\user\.stmcufinder\plugins\mcufinder//mcu/
2025-02-16 22:47:53,811 [WARN] DbFile:41 - Overriding database path with different value: C:\Users\user\.stmcufinder\plugins\mcufinder/ => C:\Users\user\.stmcufinder\plugins\mcufinder
2025-02-16 22:47:53,811 [WARN] DbFile:41 - Overriding database path with different value: C:\Users\user\.stmcufinder\plugins\mcufinder/ => C:\Users\user\.stmcufinder\plugins\mcufinder
2025-02-16 22:47:53,811 [INFO] CrossReferenceDbSqlite:203 - Set database path to: C:\Users\user\.stmcufinder\plugins\mcufinder//mcu/cs/
2025-02-16 22:47:53,907 [INFO] MainPanel:272 - HeapMemory: 268435456
2025-02-16 22:47:54,035 [INFO] DbMcusXml:78 - Set database path to: C:\ST\STM32CubeIDE_1.17.0\STM32CubeIDE\plugins\com.st.stm32cube.common.mx_6.13.0.202411220809\\db\/mcu/
2025-02-16 22:47:54,035 [INFO] ApiDb:274 - Set plugin database path to: C:\ST\STM32CubeIDE_1.17.0\STM32CubeIDE\plugins\com.st.stm32cube.common.mx_6.13.0.202411220809\\db\/plugins/boardmanager/
2025-02-16 22:47:54,036 [INFO] ApiDb:261 - Set plugin images path to: C:\ST\STM32CubeIDE_1.17.0\STM32CubeIDE\plugins\com.st.stm32cube.common.mx_6.13.0.202411220809\\db\/plugins/mcufinder/images/
2025-02-16 22:47:54,036 [WARN] DbFile:41 - Overriding database path with different value: C:\Users\user\.stmcufinder\plugins\mcufinder/ => C:\Users\user\.stmcufinder\plugins\mcufinder
2025-02-16 22:47:54,036 [INFO] ApiDb:250 - Set database path to: C:\Users\user\.stmcufinder\plugins\mcufinder//mcu/
2025-02-16 22:47:54,036 [WARN] DbFile:41 - Overriding database path with different value: C:\Users\user\.stmcufinder\plugins\mcufinder/ => C:\Users\user\.stmcufinder\plugins\mcufinder
2025-02-16 22:47:54,037 [INFO] DbMcusAds:125 - Set database path to: C:\Users\user\.stmcufinder\plugins\mcufinder//mcu/
2025-02-16 22:47:54,037 [WARN] DbFile:41 - Overriding database path with different value: C:\Users\user\.stmcufinder\plugins\mcufinder/ => C:\Users\user\.stmcufinder\plugins\mcufinder
2025-02-16 22:47:54,037 [WARN] DbFile:41 - Overriding database path with different value: C:\Users\user\.stmcufinder\plugins\mcufinder/ => C:\Users\user\.stmcufinder\plugins\mcufinder
2025-02-16 22:47:54,037 [INFO] CrossReferenceDbSqlite:203 - Set database path to: C:\Users\user\.stmcufinder\plugins\mcufinder//mcu/cs/
2025-02-16 22:47:54,064 [INFO] ApplicationProperties:184 - Using Application install path: C:\ST\STM32CubeIDE_1.17.0\STM32CubeIDE\plugins\com.st.stm32cube.common.mx_6.13.0.202411220809
2025-02-16 22:47:54,066 [INFO] PluginManage:196 - Search for loadable plugins [exclusion list=, ]
2025-02-16 22:47:54,068 [INFO] PluginManage:310 - Check plugin analytics
2025-02-16 22:47:54,360 [INFO] AnalyticsPlugin:253 - Accepted Software Licenses: 
2025-02-16 22:47:54,360 [INFO] AnalyticsPlugin:255 - Accepted CMSIS Pack Licenses: 
2025-02-16 22:47:54,361 [INFO] AnalyticsPlugin:257 - Accepted Firmware Licenses: 
2025-02-16 22:47:54,366 [INFO] PluginManage:359 - Loaded plugin analytics (category:tool,tabindex:-1)
2025-02-16 22:47:54,367 [INFO] PluginManage:310 - Check plugin cadmodel
2025-02-16 22:47:54,373 [INFO] CADModel:105 - Init CAD model plugin
2025-02-16 22:47:54,373 [INFO] PluginManage:359 - Loaded plugin cadmodel (category:power,tabindex:5)
2025-02-16 22:47:54,373 [INFO] PluginManage:310 - Check plugin clock
2025-02-16 22:47:54,386 [INFO] PluginManage:359 - Loaded plugin clock (category:base,tabindex:2)
2025-02-16 22:47:54,386 [INFO] PluginManage:310 - Check plugin ddr
2025-02-16 22:47:54,388 [INFO] PluginManage:359 - Loaded plugin ddr (category:tool,tabindex:6)
2025-02-16 22:47:54,389 [INFO] PluginManage:310 - Check plugin filemanager
2025-02-16 22:47:54,607 [INFO] PluginManage:359 - Loaded plugin filemanager (category:base,tabindex:10)
2025-02-16 22:47:54,608 [INFO] PluginManage:310 - Check plugin ipmanager
2025-02-16 22:47:54,623 [INFO] PluginManage:359 - Loaded plugin ipmanager (category:base,tabindex:5)
2025-02-16 22:47:54,623 [INFO] PluginManage:310 - Check plugin lpbam
2025-02-16 22:47:54,637 [INFO] PluginManage:359 - Loaded plugin lpbam (category:base,tabindex:0)
2025-02-16 22:47:54,638 [INFO] PluginManage:310 - Check plugin memorymap
2025-02-16 22:47:54,653 [INFO] PluginManage:359 - Loaded plugin memorymap (category:base,tabindex:4)
2025-02-16 22:47:54,653 [INFO] PluginManage:310 - Check plugin pinoutandconfiguration
2025-02-16 22:47:54,664 [INFO] PluginManage:359 - Loaded plugin pinoutandconfiguration (category:base,tabindex:1)
2025-02-16 22:47:54,664 [INFO] PluginManage:310 - Check plugin pinoutconfig
2025-02-16 22:47:54,774 [WARN] SupportedApi:132 - Cannot load RTOS API schema: s4s-elt-must-match.1: The content of 'definitions' must match (annotation?, (simpleType | complexType)?, (unique | key | keyref)*)). A problem was found starting at: attribute.
2025-02-16 22:47:54,898 [INFO] PluginManage:359 - Loaded plugin pinoutconfig (category:base,tabindex:0)
2025-02-16 22:47:54,898 [INFO] PluginManage:310 - Check plugin power
2025-02-16 22:47:54,908 [INFO] PluginManage:359 - Loaded plugin power (category:power,tabindex:4)
2025-02-16 22:47:54,908 [INFO] PluginManage:310 - Check plugin projectmanager
2025-02-16 22:47:54,928 [INFO] PluginManage:359 - Loaded plugin projectmanager (category:projectmanager,tabindex:4)
2025-02-16 22:47:54,928 [INFO] PluginManage:310 - Check plugin rif
2025-02-16 22:47:54,935 [INFO] PluginManage:359 - Loaded plugin rif (category:base,tabindex:3)
2025-02-16 22:47:54,935 [INFO] PluginManage:310 - Check plugin thirdparty
2025-02-16 22:47:55,067 [INFO] PluginManage:359 - Loaded plugin thirdparty (category:base,tabindex:-1)
2025-02-16 22:47:55,068 [INFO] PluginManage:310 - Check plugin tools
2025-02-16 22:47:55,067 [WARN] IntegrityCheckThread:84 - waiting for thirdparty lock release [integrity check]
2025-02-16 22:47:55,069 [INFO] IntegrityCheckThread:86 - entering critical section [integrity check]
2025-02-16 22:47:55,069 [INFO] ThirdPartyUpdaterWithRetryManager:70 - Updater plugin not ready yet. [1/15]
2025-02-16 22:47:55,072 [INFO] PluginManage:359 - Loaded plugin tools (category:base,tabindex:7)
2025-02-16 22:47:55,072 [INFO] PluginManage:310 - Check plugin tutovideos
2025-02-16 22:47:55,278 [INFO] PluginManage:359 - Loaded plugin tutovideos (category:base,tabindex:-1)
2025-02-16 22:47:55,278 [INFO] PluginManage:310 - Check plugin updater
2025-02-16 22:47:55,315 [INFO] PluginManage:359 - Loaded plugin updater (category:base,tabindex:12)
2025-02-16 22:47:55,315 [INFO] PluginManage:310 - Check plugin userauth
2025-02-16 22:47:55,320 [INFO] UserAuth:118 - Init User Auth plugin
2025-02-16 22:47:55,322 [INFO] PluginManage:359 - Loaded plugin userauth (category:base,tabindex:14)
2025-02-16 22:47:55,323 [INFO] PluginManage:283 - PluginManage : Loaded plugins [18]
2025-02-16 22:47:55,609 [INFO] PinOutPanel:1589 - setPackage(No Configuration,No Configuration)
2025-02-16 22:47:55,697 [INFO] CADModel:165 - CPN selected for project level
2025-02-16 22:47:55,697 [INFO] CADModel:114 - Register for checkConnection events
2025-02-16 22:47:55,713 [INFO] IPUIPlugin:80 - create IPUIPlugin
2025-02-16 22:47:55,713 [INFO] PluginManager:220 - loadIPPluginJar : add adc
2025-02-16 22:47:55,717 [INFO] IPUIPlugin:80 - create IPUIPlugin
2025-02-16 22:47:55,717 [INFO] PluginManager:220 - loadIPPluginJar : add aes
2025-02-16 22:47:55,720 [INFO] IPUIPlugin:80 - create IPUIPlugin
2025-02-16 22:47:55,720 [INFO] PluginManager:220 - loadIPPluginJar : add can
2025-02-16 22:47:55,723 [INFO] IPUIPlugin:80 - create IPUIPlugin
2025-02-16 22:47:55,723 [INFO] PluginManager:220 - loadIPPluginJar : add comp
2025-02-16 22:47:55,726 [INFO] IPUIPlugin:80 - create IPUIPlugin
2025-02-16 22:47:55,726 [INFO] PluginManager:220 - loadIPPluginJar : add cryp
2025-02-16 22:47:55,729 [INFO] IPUIPlugin:80 - create IPUIPlugin
2025-02-16 22:47:55,729 [INFO] PluginManager:220 - loadIPPluginJar : add ddr_ctrl_phy
2025-02-16 22:47:55,731 [INFO] IPUIPlugin:80 - create IPUIPlugin
2025-02-16 22:47:55,731 [INFO] PluginManager:220 - loadIPPluginJar : add dfsdm
2025-02-16 22:47:55,736 [INFO] IPUIPlugin:80 - create IPUIPlugin
2025-02-16 22:47:55,737 [INFO] PluginManager:220 - loadIPPluginJar : add dma
2025-02-16 22:47:55,741 [INFO] IPUIPlugin:80 - create IPUIPlugin
2025-02-16 22:47:55,741 [INFO] PluginManager:220 - loadIPPluginJar : add dma3
2025-02-16 22:47:55,743 [INFO] IPUIPlugin:80 - create IPUIPlugin
2025-02-16 22:47:55,744 [INFO] PluginManager:220 - loadIPPluginJar : add extmemmanager
2025-02-16 22:47:55,745 [INFO] IPUIPlugin:80 - create IPUIPlugin
2025-02-16 22:47:55,746 [INFO] PluginManager:220 - loadIPPluginJar : add fatfs
2025-02-16 22:47:55,751 [INFO] IPUIPlugin:80 - create IPUIPlugin
2025-02-16 22:47:55,751 [INFO] PluginManager:220 - loadIPPluginJar : add fmc
2025-02-16 22:47:55,765 [INFO] IPUIPlugin:80 - create IPUIPlugin
2025-02-16 22:47:55,765 [INFO] PluginManager:220 - loadIPPluginJar : add freertos
2025-02-16 22:47:55,768 [INFO] IPUIPlugin:80 - create IPUIPlugin
2025-02-16 22:47:55,768 [INFO] PluginManager:220 - loadIPPluginJar : add genericplugin
2025-02-16 22:47:55,770 [INFO] IPUIPlugin:80 - create IPUIPlugin
2025-02-16 22:47:55,771 [INFO] PluginManager:220 - loadIPPluginJar : add gfxmmu
2025-02-16 22:47:55,777 [INFO] IPUIPlugin:80 - create IPUIPlugin
2025-02-16 22:47:55,778 [INFO] PluginManager:220 - loadIPPluginJar : add gic
2025-02-16 22:47:55,781 [INFO] IPUIPlugin:80 - create IPUIPlugin
2025-02-16 22:47:55,782 [INFO] PluginManager:220 - loadIPPluginJar : add gpio
2025-02-16 22:47:55,784 [INFO] IPUIPlugin:80 - create IPUIPlugin
2025-02-16 22:47:55,784 [INFO] PluginManager:220 - loadIPPluginJar : add gtzc
2025-02-16 22:47:55,787 [INFO] IPUIPlugin:80 - create IPUIPlugin
2025-02-16 22:47:55,788 [INFO] PluginManager:220 - loadIPPluginJar : add hash
2025-02-16 22:47:55,790 [INFO] IPUIPlugin:80 - create IPUIPlugin
2025-02-16 22:47:55,790 [INFO] PluginManager:220 - loadIPPluginJar : add i2c
2025-02-16 22:47:55,794 [INFO] IPUIPlugin:80 - create IPUIPlugin
2025-02-16 22:47:55,794 [INFO] PluginManager:220 - loadIPPluginJar : add i2s
2025-02-16 22:47:55,797 [INFO] IPUIPlugin:80 - create IPUIPlugin
2025-02-16 22:47:55,797 [INFO] PluginManager:220 - loadIPPluginJar : add i3c
2025-02-16 22:47:55,802 [INFO] IPUIPlugin:80 - create IPUIPlugin
2025-02-16 22:47:55,802 [INFO] PluginManager:220 - loadIPPluginJar : add ipddr
2025-02-16 22:47:55,809 [INFO] IPUIPlugin:80 - create IPUIPlugin
2025-02-16 22:47:55,810 [INFO] PluginManager:220 - loadIPPluginJar : add linkedlist
2025-02-16 22:47:55,814 [INFO] IPUIPlugin:80 - create IPUIPlugin
2025-02-16 22:47:55,814 [INFO] PluginManager:220 - loadIPPluginJar : add lorawan
2025-02-16 22:47:55,816 [INFO] IPUIPlugin:80 - create IPUIPlugin
2025-02-16 22:47:55,817 [INFO] PluginManager:220 - loadIPPluginJar : add ltdc
2025-02-16 22:47:55,823 [INFO] IPUIPlugin:80 - create IPUIPlugin
2025-02-16 22:47:55,823 [INFO] PluginManager:220 - loadIPPluginJar : add mdma
2025-02-16 22:47:55,826 [INFO] IPUIPlugin:80 - create IPUIPlugin
2025-02-16 22:47:55,826 [INFO] PluginManager:220 - loadIPPluginJar : add nvic
2025-02-16 22:47:55,829 [INFO] IPUIPlugin:80 - create IPUIPlugin
2025-02-16 22:47:55,829 [INFO] PluginManager:220 - loadIPPluginJar : add opamp
2025-02-16 22:47:55,831 [INFO] IPUIPlugin:80 - create IPUIPlugin
2025-02-16 22:47:55,831 [INFO] PluginManager:220 - loadIPPluginJar : add openamp
2025-02-16 22:47:55,834 [INFO] IPUIPlugin:80 - create IPUIPlugin
2025-02-16 22:47:55,835 [INFO] PluginManager:220 - loadIPPluginJar : add pdm2pcm
2025-02-16 22:47:55,840 [INFO] IPUIPlugin:80 - create IPUIPlugin
2025-02-16 22:47:55,844 [INFO] PluginManager:220 - loadIPPluginJar : add plateformsettings
2025-02-16 22:47:55,846 [INFO] IPUIPlugin:80 - create IPUIPlugin
2025-02-16 22:47:55,846 [INFO] PluginManager:220 - loadIPPluginJar : add quadspi
2025-02-16 22:47:55,847 [INFO] IPUIPlugin:80 - create IPUIPlugin
2025-02-16 22:47:55,850 [INFO] PluginManager:220 - loadIPPluginJar : add radio
2025-02-16 22:47:55,854 [INFO] IPUIPlugin:80 - create IPUIPlugin
2025-02-16 22:47:55,854 [INFO] PluginManager:220 - loadIPPluginJar : add resmgrutility
2025-02-16 22:47:55,859 [INFO] IPUIPlugin:80 - create IPUIPlugin
2025-02-16 22:47:55,859 [INFO] PluginManager:220 - loadIPPluginJar : add sai
2025-02-16 22:47:55,861 [INFO] IPUIPlugin:80 - create IPUIPlugin
2025-02-16 22:47:55,861 [INFO] PluginManager:220 - loadIPPluginJar : add spi
2025-02-16 22:47:55,867 [INFO] IPUIPlugin:80 - create IPUIPlugin
2025-02-16 22:47:55,867 [INFO] PluginManager:220 - loadIPPluginJar : add stm32_wpan
2025-02-16 22:47:55,869 [INFO] IPUIPlugin:80 - create IPUIPlugin
2025-02-16 22:47:55,869 [INFO] PluginManager:220 - loadIPPluginJar : add tim
2025-02-16 22:47:55,871 [INFO] IPUIPlugin:80 - create IPUIPlugin
2025-02-16 22:47:55,871 [INFO] PluginManager:220 - loadIPPluginJar : add touchsensing
2025-02-16 22:47:55,873 [INFO] IPUIPlugin:80 - create IPUIPlugin
2025-02-16 22:47:55,874 [INFO] PluginManager:220 - loadIPPluginJar : add tracer_emb
2025-02-16 22:47:55,875 [INFO] IPUIPlugin:80 - create IPUIPlugin
2025-02-16 22:47:55,875 [INFO] PluginManager:220 - loadIPPluginJar : add ts
2025-02-16 22:47:55,877 [INFO] IPUIPlugin:80 - create IPUIPlugin
2025-02-16 22:47:55,877 [INFO] PluginManager:220 - loadIPPluginJar : add tsc
2025-02-16 22:47:55,880 [INFO] IPUIPlugin:80 - create IPUIPlugin
2025-02-16 22:47:55,880 [INFO] PluginManager:220 - loadIPPluginJar : add ucpd
2025-02-16 22:47:55,882 [INFO] IPUIPlugin:80 - create IPUIPlugin
2025-02-16 22:47:55,882 [INFO] PluginManager:220 - loadIPPluginJar : add usart
2025-02-16 22:47:55,887 [INFO] IPUIPlugin:80 - create IPUIPlugin
2025-02-16 22:47:55,887 [INFO] PluginManager:220 - loadIPPluginJar : add usbx
2025-02-16 22:47:56,019 [FATAL] Updater:351 - Updater called before beeing initialized
2025-02-16 22:47:56,062 [INFO] RulesReader:64 - Compatibility file has been processed (297 Rules)
2025-02-16 22:47:56,078 [INFO] RulesReader:64 - Compatibility file has been processed (297 Rules)
2025-02-16 22:47:56,093 [INFO] CADModel:165 - CPN selected for project level
2025-02-16 22:47:56,094 [INFO] CADModel:114 - Register for checkConnection events
2025-02-16 22:47:56,094 [FATAL] Updater:351 - Updater called before beeing initialized
2025-02-16 22:47:56,094 [ERROR] CADModel:125 - Updater not yet initialized, retry later 
2025-02-16 22:47:56,267 [FATAL] Updater:351 - Updater called before beeing initialized
2025-02-16 22:47:56,268 [INFO] CADModel:165 - CPN selected for project level
2025-02-16 22:47:56,269 [INFO] CADModel:114 - Register for checkConnection events
2025-02-16 22:47:56,269 [FATAL] Updater:351 - Updater called before beeing initialized
2025-02-16 22:47:56,269 [ERROR] CADModel:125 - Updater not yet initialized, retry later 
2025-02-16 22:47:56,272 [FATAL] Updater:351 - Updater called before beeing initialized
2025-02-16 22:47:56,373 [FATAL] Updater:351 - Updater called before beeing initialized
2025-02-16 22:47:56,378 [INFO] DbMcusAds:53 - JSON generation date=Wed Dec 18 00:01:15 SGT 2024 (1734451275111)
2025-02-16 22:47:56,379 [FATAL] Updater:351 - Updater called before beeing initialized
2025-02-16 22:47:56,413 [WARN] DetailPanel:346 - Failed to get advertising image, set to default
2025-02-16 22:47:56,648 [FATAL] Updater:351 - Updater called before beeing initialized
2025-02-16 22:47:56,651 [FATAL] Updater:351 - Updater called before beeing initialized
2025-02-16 22:47:56,651 [FATAL] Updater:351 - Updater called before beeing initialized
2025-02-16 22:47:56,652 [WARN] DetailPanel:346 - Failed to get advertising image, set to default
2025-02-16 22:47:56,653 [FATAL] Updater:351 - Updater called before beeing initialized
2025-02-16 22:47:56,708 [ERROR] Updater:1198 - MainUpdater not yet initialized. External WinMGr cannot be set.
2025-02-16 22:47:56,711 [INFO] Updater:1134 - Updater Version found : 6.13.0
2025-02-16 22:47:56,730 [INFO] ApplicationProperties:184 - Using Application install path: C:\ST\STM32CubeIDE_1.17.0\STM32CubeIDE\plugins\com.st.stm32cube.common.mx_6.13.0.202411220809
2025-02-16 22:47:57,125 [INFO] MainUpdater:2872 - connection check result : 10
2025-02-16 22:47:57,127 [INFO] MainUpdater:289 - Updater Check For Update Now.
2025-02-16 22:47:57,127 [INFO] MicroXplorer:498 - Change Database Version : DB.6.0.130
2025-02-16 22:47:57,135 [INFO] McuFinderGlobals:63 - Set McuFinder mode to 2 (CubeIDE integrated)
2025-02-16 22:47:57,135 [INFO] UserAuth:171 - activating auth plugin
2025-02-16 22:47:57,139 [INFO] UserAuth:486 - Internet connection configuration mode: 1
2025-02-16 22:47:57,177 [INFO] JxBrowserEngine:152 - Initiate JxBrowser Engine with user profile folder
2025-02-16 22:47:57,334 [INFO] CheckServerUpdateThread:120 - End of CheckServer Thread
2025-02-16 22:47:57,996 [INFO] WebApp:168 - Instantiating new browser for Auth
2025-02-16 22:47:58,206 [WARN] PackLoader:240 - Cannot read IP mode file for STMicroelectronics.FP-SNS-MOTENVWB1.1.4.0
2025-02-16 22:47:58,214 [WARN] PackLoader:240 - Cannot read IP mode file for STMicroelectronics.FP-SNS-FLIGHT1.5.0.2
2025-02-16 22:47:58,239 [WARN] PackLoader:240 - Cannot read IP mode file for STMicroelectronics.X-CUBE-DISPLAY.3.0.0
2025-02-16 22:47:58,255 [WARN] PackLoader:240 - Cannot read IP mode file for STMicroelectronics.X-CUBE-BLE1.7.0.0
2025-02-16 22:47:58,263 [WARN] PackLoader:240 - Cannot read IP mode file for STMicroelectronics.FP-SNS-SMARTAG2.1.2.0
2025-02-16 22:47:58,269 [WARN] PackLoader:240 - Cannot read IP mode file for STMicroelectronics.FP-SNS-MOTENV1.5.0.0
2025-02-16 22:47:58,276 [WARN] PackLoader:240 - Cannot read IP mode file for STMicroelectronics.X-CUBE-BLE2.3.3.0
2025-02-16 22:47:58,283 [WARN] PackLoader:240 - Cannot read IP mode file for STMicroelectronics.FP-ATR-SIGFOX1.3.2.0
2025-02-16 22:47:58,292 [WARN] PackLoader:240 - Cannot read IP mode file for STMicroelectronics.X-CUBE-EEPRMA1.5.1.0
2025-02-16 22:47:58,303 [WARN] PackLoader:240 - Cannot read IP mode file for STMicroelectronics.X-CUBE-DPower.1.2.0
2025-02-16 22:47:58,311 [WARN] PackLoader:240 - Cannot read IP mode file for STMicroelectronics.FP-SNS-STBOX1.2.0.0
2025-02-16 22:47:58,319 [WARN] PackLoader:240 - Cannot read IP mode file for STMicroelectronics.X-CUBE-ALS.1.0.2
2025-02-16 22:47:58,320 [INFO] ThirdParty:978 - Integrity check success = true
2025-02-16 22:47:58,320 [INFO] IntegrityCheckThread:100 - exiting critical section [integrity check]
2025-02-16 22:47:58,320 [INFO] IntegrityCheckThread:103 - End integrity checks thread
2025-02-16 22:47:58,795 [INFO] WebApp:449 - Apply proxy settings
2025-02-16 22:47:58,797 [INFO] WebApp:534 - Chromium requires no authentication
2025-02-16 22:47:58,805 [INFO] WebApp:477 - Direct internet connection detected
2025-02-16 22:47:58,825 [INFO] WebApp:880 - Register for checkConnection events
2025-02-16 22:47:58,827 [INFO] WebApp:449 - Apply proxy settings
2025-02-16 22:47:58,827 [INFO] WebApp:534 - Chromium requires no authentication
2025-02-16 22:47:58,828 [INFO] WebApp:477 - Direct internet connection detected
2025-02-16 22:47:58,971 [INFO] WebApp:221 - Starting web application
2025-02-16 22:47:58,971 [INFO] WebApp:579 - Web application path used C:\ST\STM32CubeIDE_1.17.0\STM32CubeIDE\plugins\com.st.stm32cube.common.mx_6.13.0.202411220809\db\plugins\mcufinder\reactClient1\index.html
2025-02-16 22:47:59,455 [INFO] WebApp:187 - Connection restablished
2025-02-16 22:49:22,075 [ERROR] LogOutputStream:75 - [STDERR_REDIRECT] 
